<?xml version="1.0" encoding="UTF-8"?>
<beans xmlns="http://www.springframework.org/schema/beans"
       xmlns:xsi="http://www.w3.org/2001/XMLSchema-instance"
       xsi:schemaLocation="http://www.springframework.org/schema/beans
        http://www.springframework.org/schema/beans/spring-beans.xsd">

    <bean id="dataSource"
          class="ru.kurtov.remains.DBTestBase"
          factory-method="createEmbeddedDatabase"
          destroy-method="shutdown"/>
    
    <bean id="sessionFactory"
          class="ru.kurtov.remains.HibernateSessionFactory"
          factory-method="getSessionFactory"/>
    
    
    <import resource="common-beans.xml"/>

</beans>
